TN:
SF:/Users/martazbiejczuk/Documents/syncano-socket-brreg/src/check-name.js
FN:4,(anonymous_0)
FNF:1
FNH:1
FNDA:2,(anonymous_0)
DA:5,2
DA:6,2
DA:7,2
DA:9,2
DA:10,2
DA:17,2
DA:18,2
DA:19,2
DA:20,1
DA:21,1
DA:23,1
DA:24,1
DA:27,0
LF:13
LH:12
BRDA:19,0,0,1
BRDA:19,0,1,1
BRDA:19,1,0,2
BRDA:19,1,1,2
BRF:4
BRH:4
end_of_record
TN:
SF:/Users/martazbiejczuk/Documents/syncano-socket-brreg/src/get.js
FN:4,(anonymous_0)
FNF:1
FNH:1
FNDA:2,(anonymous_0)
DA:5,2
DA:6,2
DA:7,2
DA:8,2
DA:10,2
DA:11,2
DA:12,1
DA:14,1
DA:15,1
DA:27,1
LF:10
LH:10
BRF:0
BRH:0
end_of_record
